<?xml version="1.0" encoding="UTF-8"?>
<!-- Generated by org.testng.reporters.JUnitReportReporter -->
<testsuite skipped="0" hostname="DESKTOP-ROCT2T7" name="com.VerifyLaunchSite.testcases.LaunchUrl" tests="1" failures="0" timestamp="2020-09-19T13:03:07 CDT" time="7.429" errors="0">
  <testcase name="openUrl" time="7.429" classname="com.VerifyLaunchSite.testcases.LaunchUrl"/>
  <system-out/>
</testsuite> <!-- com.VerifyLaunchSite.testcases.LaunchUrl -->
