<?xml version="1.0" encoding="UTF-8"?>
<!-- Generated by org.testng.reporters.JUnitReportReporter -->
<testsuite skipped="0" hostname="DESKTOP-ROCT2T7" name="com.VerifyLaunchSite.testcases.LaunchUrl" tests="1" failures="0" timestamp="2020-09-08T20:49:34 CDT" time="54.117" errors="0">
  <testcase name="openUrl" time="54.117" classname="com.VerifyLaunchSite.testcases.LaunchUrl"/>
  <system-out/>
</testsuite> <!-- com.VerifyLaunchSite.testcases.LaunchUrl -->
